<?xml version="1.0" encoding="UTF-8"?>
<testsuite xmlns:xsi="http://www.w3.org/2001/XMLSchema-instance" xsi:noNamespaceSchemaLocation="https://maven.apache.org/surefire/maven-surefire-plugin/xsd/surefire-test-report-3.0.xsd" version="3.0" name="Glue.TestRunner" time="44.981" tests="7" errors="0" skipped="0" failures="0">
  <properties>
[...]
</properties>
  <testcase name="verify the Swaglabs loginpage with valid creds" classname="verify the functionality of the Swaglabs loginpage" time="10.428">
    <system-out><![CDATA[
@allScenarios @swag-valid-creds
Scenario: verify the Swaglabs loginpage with valid creds &amp#27;[90m# src/test/resources/Swaglabs.feature:5&amp#27;[0m
  &amp#27;[32mGiven &amp#27;[0m&amp#27;[32menter user &amp#27;[0m&amp#27;[32m&amp#27;[1m"standard_user"&amp#27;[0m                       &amp#27;[90m# Glue.SwaglabsTest.enterUser(java.lang.String)&amp#27;[0m
  &amp#27;[32mWhen &amp#27;[0m&amp#27;[32menter password &amp#27;[0m&amp#27;[32m&amp#27;[1m"secret_sauce"&amp#27;[0m                     &amp#27;[90m# Glue.SwaglabsTest.enterPassword(java.lang.String)&amp#27;[0m
  &amp#27;[32mAnd &amp#27;[0m&amp#27;[32mclick on login button&amp#27;[0m                              &amp#27;[90m# Glue.SwaglabsTest.clickOnLoginButton()&amp#27;[0m
Products
Products
  &amp#27;[32mThen &amp#27;[0m&amp#27;[32mverify the user able to see the login page&amp#27;[0m        &amp#27;[90m# Glue.SwaglabsTest.verifyTheUserAbleToSeeTheLoginPage()&amp#27;[0m
  &amp#27;[32mAnd &amp#27;[0m&amp#27;[32mtake screenshot &amp#27;[0m&amp#27;[32m&amp#27;[1m"swaglabs.jpg"&amp#27;[0m                     &amp#27;[90m# Glue.SwaglabsTest.takescreenshot(java.lang.String)&amp#27;[0m
]]></system-out>
    <system-err><![CDATA[SLF4J: Failed to load class "org.slf4j.impl.StaticLoggerBinder".
SLF4J: Defaulting to no-operation (NOP) logger implementation
SLF4J: See http://www.slf4j.org/codes.html#StaticLoggerBinder for further details.
Oct 03, 2023 6:23:15 PM org.openqa.selenium.devtools.CdpVersionFinder findNearestMatch
WARNING: Unable to find an exact match for CDP version 117, so returning the closest version found: 116
]]></system-err>
  </testcase>
  <testcase name="verify the Swaglabs loginpage with invalid creds" classname="verify the functionality of the Swaglabs loginpage" time="5.51">
    <system-out><![CDATA[
@allScenarios @swag-invalid-creds
Scenario: verify the Swaglabs loginpage with invalid creds                                                           &amp#27;[90m# src/test/resources/Swaglabs.feature:12&amp#27;[0m
  &amp#27;[32mGiven &amp#27;[0m&amp#27;[32menter user &amp#27;[0m&amp#27;[32m&amp#27;[1m"standard"&amp#27;[0m                                                                                        &amp#27;[90m# Glue.SwaglabsTest.enterUser(java.lang.String)&amp#27;[0m
  &amp#27;[32mWhen &amp#27;[0m&amp#27;[32menter password &amp#27;[0m&amp#27;[32m&amp#27;[1m"secret"&amp#27;[0m                                                                                       &amp#27;[90m# Glue.SwaglabsTest.enterPassword(java.lang.String)&amp#27;[0m
  &amp#27;[32mAnd &amp#27;[0m&amp#27;[32mclick on login button&amp#27;[0m                                                                                          &amp#27;[90m# Glue.SwaglabsTest.clickOnLoginButton()&amp#27;[0m
Epic sadface: Username and password do not match any user in this service
  &amp#27;[32mThen &amp#27;[0m&amp#27;[32mverify user getting error message &amp#27;[0m&amp#27;[32m&amp#27;[1m"Epic sadface: Username and password do not match any user in this service"&amp#27;[0m &amp#27;[90m# Glue.SwaglabsTest.verifyUserGettingEoorMessage(java.lang.String)&amp#27;[0m
  &amp#27;[32mAnd &amp#27;[0m&amp#27;[32mtake screenshot &amp#27;[0m&amp#27;[32m&amp#27;[1m"swaglabserror.jpg"&amp#27;[0m                                                                            &amp#27;[90m# Glue.SwaglabsTest.takescreenshot(java.lang.String)&amp#27;[0m
]]></system-out>
    <system-err><![CDATA[Oct 03, 2023 6:23:23 PM org.openqa.selenium.devtools.CdpVersionFinder findNearestMatch
WARNING: Unable to find an exact match for CDP version 117, so returning the closest version found: 116
]]></system-err>
  </testcase>
  <testcase name="verify the Swaglabs loginpage with without creds" classname="verify the functionality of the Swaglabs loginpage" time="5.734">
    <system-out><![CDATA[
@allScenarios @swag-no-creds
Scenario: verify the Swaglabs loginpage with without creds                    &amp#27;[90m# src/test/resources/Swaglabs.feature:19&amp#27;[0m
  &amp#27;[32mGiven &amp#27;[0m&amp#27;[32menter user &amp#27;[0m&amp#27;[32m&amp#27;[1m""&amp#27;[0m                                                         &amp#27;[90m# Glue.SwaglabsTest.enterUser(java.lang.String)&amp#27;[0m
  &amp#27;[32mWhen &amp#27;[0m&amp#27;[32menter password &amp#27;[0m&amp#27;[32m&amp#27;[1m""&amp#27;[0m                                                      &amp#27;[90m# Glue.SwaglabsTest.enterPassword(java.lang.String)&amp#27;[0m
  &amp#27;[32mAnd &amp#27;[0m&amp#27;[32mclick on login button&amp#27;[0m                                                   &amp#27;[90m# Glue.SwaglabsTest.clickOnLoginButton()&amp#27;[0m
Epic sadface: Username is required
  &amp#27;[32mThen &amp#27;[0m&amp#27;[32mverify user getting error message &amp#27;[0m&amp#27;[32m&amp#27;[1m"Epic sadface: Username is required"&amp#27;[0m &amp#27;[90m# Glue.SwaglabsTest.verifyUserGettingEoorMessage(java.lang.String)&amp#27;[0m
  &amp#27;[32mAnd &amp#27;[0m&amp#27;[32mtake screenshot &amp#27;[0m&amp#27;[32m&amp#27;[1m"swaglabserrorwithnocreds.jpg"&amp#27;[0m                          &amp#27;[90m# Glue.SwaglabsTest.takescreenshot(java.lang.String)&amp#27;[0m
]]></system-out>
    <system-err><![CDATA[Oct 03, 2023 6:23:29 PM org.openqa.selenium.devtools.CdpVersionFinder findNearestMatch
WARNING: Unable to find an exact match for CDP version 117, so returning the closest version found: 116
]]></system-err>
  </testcase>
  <testcase name="verify the Swaglabs loginpage with validuser and invalid pass" classname="verify the functionality of the Swaglabs loginpage" time="5.28">
    <system-out><![CDATA[
@allScenarios @swag-validuser-invalidpass
Scenario: verify the Swaglabs loginpage with validuser and invalid pass                                              &amp#27;[90m# src/test/resources/Swaglabs.feature:26&amp#27;[0m
  &amp#27;[32mGiven &amp#27;[0m&amp#27;[32menter user &amp#27;[0m&amp#27;[32m&amp#27;[1m"standard_user"&amp#27;[0m                                                                                   &amp#27;[90m# Glue.SwaglabsTest.enterUser(java.lang.String)&amp#27;[0m
  &amp#27;[32mWhen &amp#27;[0m&amp#27;[32menter password &amp#27;[0m&amp#27;[32m&amp#27;[1m"standerd"&amp#27;[0m                                                                                     &amp#27;[90m# Glue.SwaglabsTest.enterPassword(java.lang.String)&amp#27;[0m
  &amp#27;[32mAnd &amp#27;[0m&amp#27;[32mclick on login button&amp#27;[0m                                                                                          &amp#27;[90m# Glue.SwaglabsTest.clickOnLoginButton()&amp#27;[0m
Epic sadface: Username and password do not match any user in this service
  &amp#27;[32mThen &amp#27;[0m&amp#27;[32mverify user getting error message &amp#27;[0m&amp#27;[32m&amp#27;[1m"Epic sadface: Username and password do not match any user in this service"&amp#27;[0m &amp#27;[90m# Glue.SwaglabsTest.verifyUserGettingEoorMessage(java.lang.String)&amp#27;[0m
  &amp#27;[32mAnd &amp#27;[0m&amp#27;[32mtake screenshot &amp#27;[0m&amp#27;[32m&amp#27;[1m"swaglabserrorwithinvalidpass.jpg"&amp#27;[0m                                                             &amp#27;[90m# Glue.SwaglabsTest.takescreenshot(java.lang.String)&amp#27;[0m
]]></system-out>
    <system-err><![CDATA[Oct 03, 2023 6:23:35 PM org.openqa.selenium.devtools.CdpVersionFinder findNearestMatch
WARNING: Unable to find an exact match for CDP version 117, so returning the closest version found: 116
]]></system-err>
  </testcase>
  <testcase name="verify the Swaglabs loginpage with invaliduser and valid pass #1" classname="verify the functionality of the Swaglabs loginpage" time="5.436">
    <system-out><![CDATA[
@allScenarios @swag-invaliduser-validpass
Scenario: verify the Swaglabs loginpage with invaliduser and valid pass                                              &amp#27;[90m# src/test/resources/Swaglabs.feature:33&amp#27;[0m
  &amp#27;[32mGiven &amp#27;[0m&amp#27;[32menter user &amp#27;[0m&amp#27;[32m&amp#27;[1m"standard"&amp#27;[0m                                                                                        &amp#27;[90m# Glue.SwaglabsTest.enterUser(java.lang.String)&amp#27;[0m
  &amp#27;[32mWhen &amp#27;[0m&amp#27;[32menter password &amp#27;[0m&amp#27;[32m&amp#27;[1m"secret_sauce"&amp#27;[0m                                                                                 &amp#27;[90m# Glue.SwaglabsTest.enterPassword(java.lang.String)&amp#27;[0m
  &amp#27;[32mAnd &amp#27;[0m&amp#27;[32mclick on login button&amp#27;[0m                                                                                          &amp#27;[90m# Glue.SwaglabsTest.clickOnLoginButton()&amp#27;[0m
Epic sadface: Username and password do not match any user in this service
  &amp#27;[32mThen &amp#27;[0m&amp#27;[32mverify user getting error message &amp#27;[0m&amp#27;[32m&amp#27;[1m"Epic sadface: Username and password do not match any user in this service"&amp#27;[0m &amp#27;[90m# Glue.SwaglabsTest.verifyUserGettingEoorMessage(java.lang.String)&amp#27;[0m
  &amp#27;[32mAnd &amp#27;[0m&amp#27;[32mtake screenshot &amp#27;[0m&amp#27;[32m&amp#27;[1m"swaglabserrorwithinvaliduser.jpg"&amp#27;[0m                                                             &amp#27;[90m# Glue.SwaglabsTest.takescreenshot(java.lang.String)&amp#27;[0m
]]></system-out>
    <system-err><![CDATA[Oct 03, 2023 6:23:40 PM org.openqa.selenium.devtools.CdpVersionFinder findNearestMatch
WARNING: Unable to find an exact match for CDP version 117, so returning the closest version found: 116
]]></system-err>
  </testcase>
  <testcase name="verify the Swaglabs loginpage with invaliduser and valid pass #2" classname="verify the functionality of the Swaglabs loginpage" time="5.844">
    <system-out><![CDATA[
@allScenarios @swag-nulluser-validpass
Scenario: verify the Swaglabs loginpage with invaliduser and valid pass       &amp#27;[90m# src/test/resources/Swaglabs.feature:41&amp#27;[0m
  &amp#27;[32mGiven &amp#27;[0m&amp#27;[32menter user &amp#27;[0m&amp#27;[32m&amp#27;[1m""&amp#27;[0m                                                         &amp#27;[90m# Glue.SwaglabsTest.enterUser(java.lang.String)&amp#27;[0m
  &amp#27;[32mWhen &amp#27;[0m&amp#27;[32menter password &amp#27;[0m&amp#27;[32m&amp#27;[1m"secret_sauce"&amp#27;[0m                                          &amp#27;[90m# Glue.SwaglabsTest.enterPassword(java.lang.String)&amp#27;[0m
  &amp#27;[32mAnd &amp#27;[0m&amp#27;[32mclick on login button&amp#27;[0m                                                   &amp#27;[90m# Glue.SwaglabsTest.clickOnLoginButton()&amp#27;[0m
Epic sadface: Username is required
  &amp#27;[32mThen &amp#27;[0m&amp#27;[32mverify user getting error message &amp#27;[0m&amp#27;[32m&amp#27;[1m"Epic sadface: Username is required"&amp#27;[0m &amp#27;[90m# Glue.SwaglabsTest.verifyUserGettingEoorMessage(java.lang.String)&amp#27;[0m
  &amp#27;[32mAnd &amp#27;[0m&amp#27;[32mtake screenshot &amp#27;[0m&amp#27;[32m&amp#27;[1m"swaglabserrorwithnouser.jpg"&amp#27;[0m                           &amp#27;[90m# Glue.SwaglabsTest.takescreenshot(java.lang.String)&amp#27;[0m
]]></system-out>
    <system-err><![CDATA[Oct 03, 2023 6:23:46 PM org.openqa.selenium.devtools.CdpVersionFinder findNearestMatch
WARNING: Unable to find an exact match for CDP version 117, so returning the closest version found: 116
]]></system-err>
  </testcase>
  <testcase name="verify the Swaglabs loginpage with invaliduser and valid pass #3" classname="verify the functionality of the Swaglabs loginpage" time="5.379">
    <system-out><![CDATA[
@allScenarios @swag-nulluser-validpass
Scenario: verify the Swaglabs loginpage with invaliduser and valid pass       &amp#27;[90m# src/test/resources/Swaglabs.feature:49&amp#27;[0m
  &amp#27;[32mGiven &amp#27;[0m&amp#27;[32menter user &amp#27;[0m&amp#27;[32m&amp#27;[1m"standard_user"&amp#27;[0m                                            &amp#27;[90m# Glue.SwaglabsTest.enterUser(java.lang.String)&amp#27;[0m
  &amp#27;[32mWhen &amp#27;[0m&amp#27;[32menter password &amp#27;[0m&amp#27;[32m&amp#27;[1m""&amp#27;[0m                                                      &amp#27;[90m# Glue.SwaglabsTest.enterPassword(java.lang.String)&amp#27;[0m
  &amp#27;[32mAnd &amp#27;[0m&amp#27;[32mclick on login button&amp#27;[0m                                                   &amp#27;[90m# Glue.SwaglabsTest.clickOnLoginButton()&amp#27;[0m
Epic sadface: Password is required
  &amp#27;[32mThen &amp#27;[0m&amp#27;[32mverify user getting error message &amp#27;[0m&amp#27;[32m&amp#27;[1m"Epic sadface: Password is required"&amp#27;[0m &amp#27;[90m# Glue.SwaglabsTest.verifyUserGettingEoorMessage(java.lang.String)&amp#27;[0m
  &amp#27;[32mAnd &amp#27;[0m&amp#27;[32mtake screenshot &amp#27;[0m&amp#27;[32m&amp#27;[1m"swaglabserrorwithnopass.jpg"&amp#27;[0m                           &amp#27;[90m# Glue.SwaglabsTest.takescreenshot(java.lang.String)&amp#27;[0m
]]></system-out>
    <system-err><![CDATA[Oct 03, 2023 6:23:51 PM org.openqa.selenium.devtools.CdpVersionFinder findNearestMatch
WARNING: Unable to find an exact match for CDP version 117, so returning the closest version found: 116
]]></system-err>
  </testcase>
</testsuite>